<?xml version="1.0" encoding="UTF-8"?>
<testsuite xmlns:xsi="http://www.w3.org/2001/XMLSchema-instance" xsi:noNamespaceSchemaLocation="https://maven.apache.org/surefire/maven-surefire-plugin/xsd/surefire-test-report.xsd" name="com.example.coindesk.controller.CurrencyControllerTest" time="0.524" tests="8" errors="0" skipped="0" failures="4">
  <properties>
    <property name="gopherProxySet" value="false"/>
    <property name="awt.toolkit" value="sun.lwawt.macosx.LWCToolkit"/>
    <property name="java.specification.version" value="11"/>
    <property name="sun.cpu.isalist" value=""/>
    <property name="sun.jnu.encoding" value="UTF-8"/>
    <property name="java.class.path" value="/Users/yangyen/Desktop/coindesk/target/test-classes:/Users/yangyen/Desktop/coindesk/target/classes:/Users/yangyen/.m2/repository/org/springframework/boot/spring-boot-starter-web/2.7.17/spring-boot-starter-web-2.7.17.jar:/Users/yangyen/.m2/repository/org/springframework/boot/spring-boot-starter/2.7.17/spring-boot-starter-2.7.17.jar:/Users/yangyen/.m2/repository/org/springframework/boot/spring-boot/2.7.17/spring-boot-2.7.17.jar:/Users/yangyen/.m2/repository/org/springframework/boot/spring-boot-autoconfigure/2.7.17/spring-boot-autoconfigure-2.7.17.jar:/Users/yangyen/.m2/repository/org/springframework/boot/spring-boot-starter-logging/2.7.17/spring-boot-starter-logging-2.7.17.jar:/Users/yangyen/.m2/repository/ch/qos/logback/logback-classic/1.2.12/logback-classic-1.2.12.jar:/Users/yangyen/.m2/repository/ch/qos/logback/logback-core/1.2.12/logback-core-1.2.12.jar:/Users/yangyen/.m2/repository/org/apache/logging/log4j/log4j-to-slf4j/2.17.2/log4j-to-slf4j-2.17.2.jar:/Users/yangyen/.m2/repository/org/apache/logging/log4j/log4j-api/2.17.2/log4j-api-2.17.2.jar:/Users/yangyen/.m2/repository/org/slf4j/jul-to-slf4j/1.7.36/jul-to-slf4j-1.7.36.jar:/Users/yangyen/.m2/repository/jakarta/annotation/jakarta.annotation-api/1.3.5/jakarta.annotation-api-1.3.5.jar:/Users/yangyen/.m2/repository/org/yaml/snakeyaml/1.30/snakeyaml-1.30.jar:/Users/yangyen/.m2/repository/org/springframework/boot/spring-boot-starter-json/2.7.17/spring-boot-starter-json-2.7.17.jar:/Users/yangyen/.m2/repository/com/fasterxml/jackson/datatype/jackson-datatype-jdk8/2.13.5/jackson-datatype-jdk8-2.13.5.jar:/Users/yangyen/.m2/repository/com/fasterxml/jackson/datatype/jackson-datatype-jsr310/2.13.5/jackson-datatype-jsr310-2.13.5.jar:/Users/yangyen/.m2/repository/com/fasterxml/jackson/module/jackson-module-parameter-names/2.13.5/jackson-module-parameter-names-2.13.5.jar:/Users/yangyen/.m2/repository/org/springframework/boot/spring-boot-starter-tomcat/2.7.17/spring-boot-starter-tomcat-2.7.17.jar:/Users/yangyen/.m2/repository/org/apache/tomcat/embed/tomcat-embed-core/9.0.82/tomcat-embed-core-9.0.82.jar:/Users/yangyen/.m2/repository/org/apache/tomcat/embed/tomcat-embed-el/9.0.82/tomcat-embed-el-9.0.82.jar:/Users/yangyen/.m2/repository/org/apache/tomcat/embed/tomcat-embed-websocket/9.0.82/tomcat-embed-websocket-9.0.82.jar:/Users/yangyen/.m2/repository/org/springframework/spring-web/5.3.30/spring-web-5.3.30.jar:/Users/yangyen/.m2/repository/org/springframework/spring-beans/5.3.30/spring-beans-5.3.30.jar:/Users/yangyen/.m2/repository/org/springframework/spring-webmvc/5.3.30/spring-webmvc-5.3.30.jar:/Users/yangyen/.m2/repository/org/springframework/spring-aop/5.3.30/spring-aop-5.3.30.jar:/Users/yangyen/.m2/repository/org/springframework/spring-context/5.3.30/spring-context-5.3.30.jar:/Users/yangyen/.m2/repository/org/springframework/spring-expression/5.3.30/spring-expression-5.3.30.jar:/Users/yangyen/.m2/repository/org/springframework/boot/spring-boot-starter-data-jpa/2.7.17/spring-boot-starter-data-jpa-2.7.17.jar:/Users/yangyen/.m2/repository/org/springframework/boot/spring-boot-starter-aop/2.7.17/spring-boot-starter-aop-2.7.17.jar:/Users/yangyen/.m2/repository/org/aspectj/aspectjweaver/1.9.7/aspectjweaver-1.9.7.jar:/Users/yangyen/.m2/repository/org/springframework/boot/spring-boot-starter-jdbc/2.7.17/spring-boot-starter-jdbc-2.7.17.jar:/Users/yangyen/.m2/repository/com/zaxxer/HikariCP/4.0.3/HikariCP-4.0.3.jar:/Users/yangyen/.m2/repository/org/springframework/spring-jdbc/5.3.30/spring-jdbc-5.3.30.jar:/Users/yangyen/.m2/repository/jakarta/transaction/jakarta.transaction-api/1.3.3/jakarta.transaction-api-1.3.3.jar:/Users/yangyen/.m2/repository/jakarta/persistence/jakarta.persistence-api/2.2.3/jakarta.persistence-api-2.2.3.jar:/Users/yangyen/.m2/repository/org/hibernate/hibernate-core/5.6.15.Final/hibernate-core-5.6.15.Final.jar:/Users/yangyen/.m2/repository/org/jboss/logging/jboss-logging/3.4.3.Final/jboss-logging-3.4.3.Final.jar:/Users/yangyen/.m2/repository/net/bytebuddy/byte-buddy/1.12.23/byte-buddy-1.12.23.jar:/Users/yangyen/.m2/repository/antlr/antlr/2.7.7/antlr-2.7.7.jar:/Users/yangyen/.m2/repository/org/jboss/jandex/2.4.2.Final/jandex-2.4.2.Final.jar:/Users/yangyen/.m2/repository/com/fasterxml/classmate/1.5.1/classmate-1.5.1.jar:/Users/yangyen/.m2/repository/org/hibernate/common/hibernate-commons-annotations/5.1.2.Final/hibernate-commons-annotations-5.1.2.Final.jar:/Users/yangyen/.m2/repository/org/glassfish/jaxb/jaxb-runtime/2.3.8/jaxb-runtime-2.3.8.jar:/Users/yangyen/.m2/repository/org/glassfish/jaxb/txw2/2.3.8/txw2-2.3.8.jar:/Users/yangyen/.m2/repository/com/sun/istack/istack-commons-runtime/3.0.12/istack-commons-runtime-3.0.12.jar:/Users/yangyen/.m2/repository/com/sun/activation/jakarta.activation/1.2.2/jakarta.activation-1.2.2.jar:/Users/yangyen/.m2/repository/org/springframework/data/spring-data-jpa/2.7.17/spring-data-jpa-2.7.17.jar:/Users/yangyen/.m2/repository/org/springframework/data/spring-data-commons/2.7.17/spring-data-commons-2.7.17.jar:/Users/yangyen/.m2/repository/org/springframework/spring-orm/5.3.30/spring-orm-5.3.30.jar:/Users/yangyen/.m2/repository/org/springframework/spring-tx/5.3.30/spring-tx-5.3.30.jar:/Users/yangyen/.m2/repository/org/slf4j/slf4j-api/1.7.36/slf4j-api-1.7.36.jar:/Users/yangyen/.m2/repository/org/springframework/spring-aspects/5.3.30/spring-aspects-5.3.30.jar:/Users/yangyen/.m2/repository/com/h2database/h2/2.1.214/h2-2.1.214.jar:/Users/yangyen/.m2/repository/org/projectlombok/lombok/1.18.30/lombok-1.18.30.jar:/Users/yangyen/.m2/repository/org/springframework/boot/spring-boot-starter-test/2.7.17/spring-boot-starter-test-2.7.17.jar:/Users/yangyen/.m2/repository/org/springframework/boot/spring-boot-test/2.7.17/spring-boot-test-2.7.17.jar:/Users/yangyen/.m2/repository/org/springframework/boot/spring-boot-test-autoconfigure/2.7.17/spring-boot-test-autoconfigure-2.7.17.jar:/Users/yangyen/.m2/repository/com/jayway/jsonpath/json-path/2.7.0/json-path-2.7.0.jar:/Users/yangyen/.m2/repository/net/minidev/json-smart/2.4.11/json-smart-2.4.11.jar:/Users/yangyen/.m2/repository/net/minidev/accessors-smart/2.4.11/accessors-smart-2.4.11.jar:/Users/yangyen/.m2/repository/org/ow2/asm/asm/9.3/asm-9.3.jar:/Users/yangyen/.m2/repository/jakarta/xml/bind/jakarta.xml.bind-api/2.3.3/jakarta.xml.bind-api-2.3.3.jar:/Users/yangyen/.m2/repository/jakarta/activation/jakarta.activation-api/1.2.2/jakarta.activation-api-1.2.2.jar:/Users/yangyen/.m2/repository/org/assertj/assertj-core/3.22.0/assertj-core-3.22.0.jar:/Users/yangyen/.m2/repository/org/hamcrest/hamcrest/2.2/hamcrest-2.2.jar:/Users/yangyen/.m2/repository/org/junit/jupiter/junit-jupiter/5.8.2/junit-jupiter-5.8.2.jar:/Users/yangyen/.m2/repository/org/junit/jupiter/junit-jupiter-api/5.8.2/junit-jupiter-api-5.8.2.jar:/Users/yangyen/.m2/repository/org/opentest4j/opentest4j/1.2.0/opentest4j-1.2.0.jar:/Users/yangyen/.m2/repository/org/junit/platform/junit-platform-commons/1.8.2/junit-platform-commons-1.8.2.jar:/Users/yangyen/.m2/repository/org/apiguardian/apiguardian-api/1.1.2/apiguardian-api-1.1.2.jar:/Users/yangyen/.m2/repository/org/junit/jupiter/junit-jupiter-params/5.8.2/junit-jupiter-params-5.8.2.jar:/Users/yangyen/.m2/repository/org/junit/jupiter/junit-jupiter-engine/5.8.2/junit-jupiter-engine-5.8.2.jar:/Users/yangyen/.m2/repository/org/junit/platform/junit-platform-engine/1.8.2/junit-platform-engine-1.8.2.jar:/Users/yangyen/.m2/repository/org/mockito/mockito-core/4.5.1/mockito-core-4.5.1.jar:/Users/yangyen/.m2/repository/net/bytebuddy/byte-buddy-agent/1.12.23/byte-buddy-agent-1.12.23.jar:/Users/yangyen/.m2/repository/org/objenesis/objenesis/3.2/objenesis-3.2.jar:/Users/yangyen/.m2/repository/org/mockito/mockito-junit-jupiter/4.5.1/mockito-junit-jupiter-4.5.1.jar:/Users/yangyen/.m2/repository/org/skyscreamer/jsonassert/1.5.1/jsonassert-1.5.1.jar:/Users/yangyen/.m2/repository/com/vaadin/external/google/android-json/0.0.20131108.vaadin1/android-json-0.0.20131108.vaadin1.jar:/Users/yangyen/.m2/repository/org/springframework/spring-core/5.3.30/spring-core-5.3.30.jar:/Users/yangyen/.m2/repository/org/springframework/spring-jcl/5.3.30/spring-jcl-5.3.30.jar:/Users/yangyen/.m2/repository/org/springframework/spring-test/5.3.30/spring-test-5.3.30.jar:/Users/yangyen/.m2/repository/org/xmlunit/xmlunit-core/2.9.1/xmlunit-core-2.9.1.jar:/Users/yangyen/.m2/repository/org/apache/httpcomponents/httpclient/4.5.13/httpclient-4.5.13.jar:/Users/yangyen/.m2/repository/org/apache/httpcomponents/httpcore/4.4.16/httpcore-4.4.16.jar:/Users/yangyen/.m2/repository/commons-codec/commons-codec/1.15/commons-codec-1.15.jar:/Users/yangyen/.m2/repository/com/fasterxml/jackson/core/jackson-databind/2.13.5/jackson-databind-2.13.5.jar:/Users/yangyen/.m2/repository/com/fasterxml/jackson/core/jackson-annotations/2.13.5/jackson-annotations-2.13.5.jar:/Users/yangyen/.m2/repository/com/fasterxml/jackson/core/jackson-core/2.13.5/jackson-core-2.13.5.jar:"/>
    <property name="java.vm.vendor" value="Homebrew"/>
    <property name="sun.arch.data.model" value="64"/>
    <property name="java.vendor.url" value="https://github.com/Homebrew/homebrew-core/issues"/>
    <property name="user.timezone" value=""/>
    <property name="java.vm.specification.version" value="11"/>
    <property name="os.name" value="Mac OS X"/>
    <property name="sun.java.launcher" value="SUN_STANDARD"/>
    <property name="user.country" value="TW"/>
    <property name="sun.boot.library.path" value="/opt/homebrew/Cellar/openjdk@11/11.0.26/libexec/openjdk.jdk/Contents/Home/lib"/>
    <property name="sun.java.command" value="/Users/yangyen/Desktop/coindesk/target/surefire/surefirebooter3930841491925591512.jar /Users/yangyen/Desktop/coindesk/target/surefire 2025-04-17T17-35-43_397-jvmRun1 surefire11561661192894411509tmp surefire_012925295657682947993tmp"/>
    <property name="http.nonProxyHosts" value="local|*.local|169.254/16|*.169.254/16"/>
    <property name="jdk.debug" value="release"/>
    <property name="surefire.test.class.path" value="/Users/yangyen/Desktop/coindesk/target/test-classes:/Users/yangyen/Desktop/coindesk/target/classes:/Users/yangyen/.m2/repository/org/springframework/boot/spring-boot-starter-web/2.7.17/spring-boot-starter-web-2.7.17.jar:/Users/yangyen/.m2/repository/org/springframework/boot/spring-boot-starter/2.7.17/spring-boot-starter-2.7.17.jar:/Users/yangyen/.m2/repository/org/springframework/boot/spring-boot/2.7.17/spring-boot-2.7.17.jar:/Users/yangyen/.m2/repository/org/springframework/boot/spring-boot-autoconfigure/2.7.17/spring-boot-autoconfigure-2.7.17.jar:/Users/yangyen/.m2/repository/org/springframework/boot/spring-boot-starter-logging/2.7.17/spring-boot-starter-logging-2.7.17.jar:/Users/yangyen/.m2/repository/ch/qos/logback/logback-classic/1.2.12/logback-classic-1.2.12.jar:/Users/yangyen/.m2/repository/ch/qos/logback/logback-core/1.2.12/logback-core-1.2.12.jar:/Users/yangyen/.m2/repository/org/apache/logging/log4j/log4j-to-slf4j/2.17.2/log4j-to-slf4j-2.17.2.jar:/Users/yangyen/.m2/repository/org/apache/logging/log4j/log4j-api/2.17.2/log4j-api-2.17.2.jar:/Users/yangyen/.m2/repository/org/slf4j/jul-to-slf4j/1.7.36/jul-to-slf4j-1.7.36.jar:/Users/yangyen/.m2/repository/jakarta/annotation/jakarta.annotation-api/1.3.5/jakarta.annotation-api-1.3.5.jar:/Users/yangyen/.m2/repository/org/yaml/snakeyaml/1.30/snakeyaml-1.30.jar:/Users/yangyen/.m2/repository/org/springframework/boot/spring-boot-starter-json/2.7.17/spring-boot-starter-json-2.7.17.jar:/Users/yangyen/.m2/repository/com/fasterxml/jackson/datatype/jackson-datatype-jdk8/2.13.5/jackson-datatype-jdk8-2.13.5.jar:/Users/yangyen/.m2/repository/com/fasterxml/jackson/datatype/jackson-datatype-jsr310/2.13.5/jackson-datatype-jsr310-2.13.5.jar:/Users/yangyen/.m2/repository/com/fasterxml/jackson/module/jackson-module-parameter-names/2.13.5/jackson-module-parameter-names-2.13.5.jar:/Users/yangyen/.m2/repository/org/springframework/boot/spring-boot-starter-tomcat/2.7.17/spring-boot-starter-tomcat-2.7.17.jar:/Users/yangyen/.m2/repository/org/apache/tomcat/embed/tomcat-embed-core/9.0.82/tomcat-embed-core-9.0.82.jar:/Users/yangyen/.m2/repository/org/apache/tomcat/embed/tomcat-embed-el/9.0.82/tomcat-embed-el-9.0.82.jar:/Users/yangyen/.m2/repository/org/apache/tomcat/embed/tomcat-embed-websocket/9.0.82/tomcat-embed-websocket-9.0.82.jar:/Users/yangyen/.m2/repository/org/springframework/spring-web/5.3.30/spring-web-5.3.30.jar:/Users/yangyen/.m2/repository/org/springframework/spring-beans/5.3.30/spring-beans-5.3.30.jar:/Users/yangyen/.m2/repository/org/springframework/spring-webmvc/5.3.30/spring-webmvc-5.3.30.jar:/Users/yangyen/.m2/repository/org/springframework/spring-aop/5.3.30/spring-aop-5.3.30.jar:/Users/yangyen/.m2/repository/org/springframework/spring-context/5.3.30/spring-context-5.3.30.jar:/Users/yangyen/.m2/repository/org/springframework/spring-expression/5.3.30/spring-expression-5.3.30.jar:/Users/yangyen/.m2/repository/org/springframework/boot/spring-boot-starter-data-jpa/2.7.17/spring-boot-starter-data-jpa-2.7.17.jar:/Users/yangyen/.m2/repository/org/springframework/boot/spring-boot-starter-aop/2.7.17/spring-boot-starter-aop-2.7.17.jar:/Users/yangyen/.m2/repository/org/aspectj/aspectjweaver/1.9.7/aspectjweaver-1.9.7.jar:/Users/yangyen/.m2/repository/org/springframework/boot/spring-boot-starter-jdbc/2.7.17/spring-boot-starter-jdbc-2.7.17.jar:/Users/yangyen/.m2/repository/com/zaxxer/HikariCP/4.0.3/HikariCP-4.0.3.jar:/Users/yangyen/.m2/repository/org/springframework/spring-jdbc/5.3.30/spring-jdbc-5.3.30.jar:/Users/yangyen/.m2/repository/jakarta/transaction/jakarta.transaction-api/1.3.3/jakarta.transaction-api-1.3.3.jar:/Users/yangyen/.m2/repository/jakarta/persistence/jakarta.persistence-api/2.2.3/jakarta.persistence-api-2.2.3.jar:/Users/yangyen/.m2/repository/org/hibernate/hibernate-core/5.6.15.Final/hibernate-core-5.6.15.Final.jar:/Users/yangyen/.m2/repository/org/jboss/logging/jboss-logging/3.4.3.Final/jboss-logging-3.4.3.Final.jar:/Users/yangyen/.m2/repository/net/bytebuddy/byte-buddy/1.12.23/byte-buddy-1.12.23.jar:/Users/yangyen/.m2/repository/antlr/antlr/2.7.7/antlr-2.7.7.jar:/Users/yangyen/.m2/repository/org/jboss/jandex/2.4.2.Final/jandex-2.4.2.Final.jar:/Users/yangyen/.m2/repository/com/fasterxml/classmate/1.5.1/classmate-1.5.1.jar:/Users/yangyen/.m2/repository/org/hibernate/common/hibernate-commons-annotations/5.1.2.Final/hibernate-commons-annotations-5.1.2.Final.jar:/Users/yangyen/.m2/repository/org/glassfish/jaxb/jaxb-runtime/2.3.8/jaxb-runtime-2.3.8.jar:/Users/yangyen/.m2/repository/org/glassfish/jaxb/txw2/2.3.8/txw2-2.3.8.jar:/Users/yangyen/.m2/repository/com/sun/istack/istack-commons-runtime/3.0.12/istack-commons-runtime-3.0.12.jar:/Users/yangyen/.m2/repository/com/sun/activation/jakarta.activation/1.2.2/jakarta.activation-1.2.2.jar:/Users/yangyen/.m2/repository/org/springframework/data/spring-data-jpa/2.7.17/spring-data-jpa-2.7.17.jar:/Users/yangyen/.m2/repository/org/springframework/data/spring-data-commons/2.7.17/spring-data-commons-2.7.17.jar:/Users/yangyen/.m2/repository/org/springframework/spring-orm/5.3.30/spring-orm-5.3.30.jar:/Users/yangyen/.m2/repository/org/springframework/spring-tx/5.3.30/spring-tx-5.3.30.jar:/Users/yangyen/.m2/repository/org/slf4j/slf4j-api/1.7.36/slf4j-api-1.7.36.jar:/Users/yangyen/.m2/repository/org/springframework/spring-aspects/5.3.30/spring-aspects-5.3.30.jar:/Users/yangyen/.m2/repository/com/h2database/h2/2.1.214/h2-2.1.214.jar:/Users/yangyen/.m2/repository/org/projectlombok/lombok/1.18.30/lombok-1.18.30.jar:/Users/yangyen/.m2/repository/org/springframework/boot/spring-boot-starter-test/2.7.17/spring-boot-starter-test-2.7.17.jar:/Users/yangyen/.m2/repository/org/springframework/boot/spring-boot-test/2.7.17/spring-boot-test-2.7.17.jar:/Users/yangyen/.m2/repository/org/springframework/boot/spring-boot-test-autoconfigure/2.7.17/spring-boot-test-autoconfigure-2.7.17.jar:/Users/yangyen/.m2/repository/com/jayway/jsonpath/json-path/2.7.0/json-path-2.7.0.jar:/Users/yangyen/.m2/repository/net/minidev/json-smart/2.4.11/json-smart-2.4.11.jar:/Users/yangyen/.m2/repository/net/minidev/accessors-smart/2.4.11/accessors-smart-2.4.11.jar:/Users/yangyen/.m2/repository/org/ow2/asm/asm/9.3/asm-9.3.jar:/Users/yangyen/.m2/repository/jakarta/xml/bind/jakarta.xml.bind-api/2.3.3/jakarta.xml.bind-api-2.3.3.jar:/Users/yangyen/.m2/repository/jakarta/activation/jakarta.activation-api/1.2.2/jakarta.activation-api-1.2.2.jar:/Users/yangyen/.m2/repository/org/assertj/assertj-core/3.22.0/assertj-core-3.22.0.jar:/Users/yangyen/.m2/repository/org/hamcrest/hamcrest/2.2/hamcrest-2.2.jar:/Users/yangyen/.m2/repository/org/junit/jupiter/junit-jupiter/5.8.2/junit-jupiter-5.8.2.jar:/Users/yangyen/.m2/repository/org/junit/jupiter/junit-jupiter-api/5.8.2/junit-jupiter-api-5.8.2.jar:/Users/yangyen/.m2/repository/org/opentest4j/opentest4j/1.2.0/opentest4j-1.2.0.jar:/Users/yangyen/.m2/repository/org/junit/platform/junit-platform-commons/1.8.2/junit-platform-commons-1.8.2.jar:/Users/yangyen/.m2/repository/org/apiguardian/apiguardian-api/1.1.2/apiguardian-api-1.1.2.jar:/Users/yangyen/.m2/repository/org/junit/jupiter/junit-jupiter-params/5.8.2/junit-jupiter-params-5.8.2.jar:/Users/yangyen/.m2/repository/org/junit/jupiter/junit-jupiter-engine/5.8.2/junit-jupiter-engine-5.8.2.jar:/Users/yangyen/.m2/repository/org/junit/platform/junit-platform-engine/1.8.2/junit-platform-engine-1.8.2.jar:/Users/yangyen/.m2/repository/org/mockito/mockito-core/4.5.1/mockito-core-4.5.1.jar:/Users/yangyen/.m2/repository/net/bytebuddy/byte-buddy-agent/1.12.23/byte-buddy-agent-1.12.23.jar:/Users/yangyen/.m2/repository/org/objenesis/objenesis/3.2/objenesis-3.2.jar:/Users/yangyen/.m2/repository/org/mockito/mockito-junit-jupiter/4.5.1/mockito-junit-jupiter-4.5.1.jar:/Users/yangyen/.m2/repository/org/skyscreamer/jsonassert/1.5.1/jsonassert-1.5.1.jar:/Users/yangyen/.m2/repository/com/vaadin/external/google/android-json/0.0.20131108.vaadin1/android-json-0.0.20131108.vaadin1.jar:/Users/yangyen/.m2/repository/org/springframework/spring-core/5.3.30/spring-core-5.3.30.jar:/Users/yangyen/.m2/repository/org/springframework/spring-jcl/5.3.30/spring-jcl-5.3.30.jar:/Users/yangyen/.m2/repository/org/springframework/spring-test/5.3.30/spring-test-5.3.30.jar:/Users/yangyen/.m2/repository/org/xmlunit/xmlunit-core/2.9.1/xmlunit-core-2.9.1.jar:/Users/yangyen/.m2/repository/org/apache/httpcomponents/httpclient/4.5.13/httpclient-4.5.13.jar:/Users/yangyen/.m2/repository/org/apache/httpcomponents/httpcore/4.4.16/httpcore-4.4.16.jar:/Users/yangyen/.m2/repository/commons-codec/commons-codec/1.15/commons-codec-1.15.jar:/Users/yangyen/.m2/repository/com/fasterxml/jackson/core/jackson-databind/2.13.5/jackson-databind-2.13.5.jar:/Users/yangyen/.m2/repository/com/fasterxml/jackson/core/jackson-annotations/2.13.5/jackson-annotations-2.13.5.jar:/Users/yangyen/.m2/repository/com/fasterxml/jackson/core/jackson-core/2.13.5/jackson-core-2.13.5.jar:"/>
    <property name="sun.cpu.endian" value="little"/>
    <property name="user.home" value="/Users/yangyen"/>
    <property name="user.language" value="en"/>
    <property name="java.specification.vendor" value="Oracle Corporation"/>
    <property name="java.version.date" value="2025-01-21"/>
    <property name="java.home" value="/opt/homebrew/Cellar/openjdk@11/11.0.26/libexec/openjdk.jdk/Contents/Home"/>
    <property name="file.separator" value="/"/>
    <property name="basedir" value="/Users/yangyen/Desktop/coindesk"/>
    <property name="java.vm.compressedOopsMode" value="Zero based"/>
    <property name="line.separator" value="&#10;"/>
    <property name="java.specification.name" value="Java Platform API Specification"/>
    <property name="java.vm.specification.vendor" value="Oracle Corporation"/>
    <property name="java.awt.graphicsenv" value="sun.awt.CGraphicsEnvironment"/>
    <property name="surefire.real.class.path" value="/Users/yangyen/Desktop/coindesk/target/surefire/surefirebooter3930841491925591512.jar"/>
    <property name="sun.management.compiler" value="HotSpot 64-Bit Tiered Compilers"/>
    <property name="ftp.nonProxyHosts" value="local|*.local|169.254/16|*.169.254/16"/>
    <property name="java.runtime.version" value="11.0.26+0"/>
    <property name="user.name" value="yangyen"/>
    <property name="path.separator" value=":"/>
    <property name="os.version" value="15.3.2"/>
    <property name="java.runtime.name" value="OpenJDK Runtime Environment"/>
    <property name="file.encoding" value="UTF-8"/>
    <property name="java.vm.name" value="OpenJDK 64-Bit Server VM"/>
    <property name="java.vendor.version" value="Homebrew"/>
    <property name="localRepository" value="/Users/yangyen/.m2/repository"/>
    <property name="java.vendor.url.bug" value="https://github.com/Homebrew/homebrew-core/issues"/>
    <property name="java.io.tmpdir" value="/var/folders/y0/b7p2vqp579s4kfk080ggm8l00000gn/T/"/>
    <property name="java.version" value="11.0.26"/>
    <property name="user.dir" value="/Users/yangyen/Desktop/coindesk"/>
    <property name="os.arch" value="aarch64"/>
    <property name="java.vm.specification.name" value="Java Virtual Machine Specification"/>
    <property name="java.awt.printerjob" value="sun.lwawt.macosx.CPrinterJob"/>
    <property name="sun.os.patch.level" value="unknown"/>
    <property name="java.library.path" value="/Users/yangyen/Library/Java/Extensions:/Library/Java/Extensions:/Network/Library/Java/Extensions:/System/Library/Java/Extensions:/usr/lib/java:."/>
    <property name="java.vm.info" value="mixed mode"/>
    <property name="java.vendor" value="Homebrew"/>
    <property name="java.vm.version" value="11.0.26+0"/>
    <property name="java.specification.maintenance.version" value="3"/>
    <property name="sun.io.unicode.encoding" value="UnicodeBig"/>
    <property name="java.class.version" value="55.0"/>
    <property name="socksNonProxyHosts" value="local|*.local|169.254/16|*.169.254/16"/>
  </properties>
  <testcase name="testDeleteCurrency" classname="com.example.coindesk.controller.CurrencyControllerTest$DeleteCurrencyTests" time="0.048">
    <failure message="Status expected:&lt;204&gt; but was:&lt;200&gt;" type="java.lang.AssertionError"><![CDATA[java.lang.AssertionError: Status expected:<204> but was:<200>
	at com.example.coindesk.controller.CurrencyControllerTest$DeleteCurrencyTests.testDeleteCurrency(CurrencyControllerTest.java:125)
]]></failure>
    <system-out><![CDATA[2025-04-17 17:35:45.415  INFO 12439 --- [           main] .b.t.c.SpringBootTestContextBootstrapper : Neither @ContextConfiguration nor @ContextHierarchy found for test class [com.example.coindesk.controller.CurrencyControllerTest], using SpringBootContextLoader
2025-04-17 17:35:45.416  INFO 12439 --- [           main] o.s.t.c.support.AbstractContextLoader    : Could not detect default resource locations for test class [com.example.coindesk.controller.CurrencyControllerTest]: no resource found for suffixes {-context.xml, Context.groovy}.
2025-04-17 17:35:45.416  INFO 12439 --- [           main] t.c.s.AnnotationConfigContextLoaderUtils : Could not detect default configuration classes for test class [com.example.coindesk.controller.CurrencyControllerTest]: CurrencyControllerTest does not declare any static, non-private, non-final, nested classes annotated with @Configuration.
2025-04-17 17:35:45.424  INFO 12439 --- [           main] .b.t.c.SpringBootTestContextBootstrapper : Found @SpringBootConfiguration com.example.coindesk.CoindeskApplication for test class com.example.coindesk.controller.CurrencyControllerTest
2025-04-17 17:35:45.425  INFO 12439 --- [           main] .b.t.c.SpringBootTestContextBootstrapper : Loaded default TestExecutionListener class names from location [META-INF/spring.factories]: [org.springframework.boot.test.mock.mockito.MockitoTestExecutionListener, org.springframework.boot.test.mock.mockito.ResetMocksTestExecutionListener, org.springframework.boot.test.autoconfigure.restdocs.RestDocsTestExecutionListener, org.springframework.boot.test.autoconfigure.web.client.MockRestServiceServerResetTestExecutionListener, org.springframework.boot.test.autoconfigure.web.servlet.MockMvcPrintOnlyOnFailureTestExecutionListener, org.springframework.boot.test.autoconfigure.web.servlet.WebDriverTestExecutionListener, org.springframework.boot.test.autoconfigure.webservices.client.MockWebServiceServerTestExecutionListener, org.springframework.test.context.web.ServletTestExecutionListener, org.springframework.test.context.support.DirtiesContextBeforeModesTestExecutionListener, org.springframework.test.context.event.ApplicationEventsTestExecutionListener, org.springframework.test.context.support.DependencyInjectionTestExecutionListener, org.springframework.test.context.support.DirtiesContextTestExecutionListener, org.springframework.test.context.transaction.TransactionalTestExecutionListener, org.springframework.test.context.jdbc.SqlScriptsTestExecutionListener, org.springframework.test.context.event.EventPublishingTestExecutionListener]
2025-04-17 17:35:45.425  INFO 12439 --- [           main] .b.t.c.SpringBootTestContextBootstrapper : Using TestExecutionListeners: [org.springframework.test.context.web.ServletTestExecutionListener@17344d7, org.springframework.test.context.support.DirtiesContextBeforeModesTestExecutionListener@75b4db22, org.springframework.test.context.event.ApplicationEventsTestExecutionListener@670aac24, org.springframework.boot.test.mock.mockito.MockitoTestExecutionListener@23909b3, org.springframework.boot.test.autoconfigure.SpringBootDependencyInjectionTestExecutionListener@1977b0df, org.springframework.test.context.support.DirtiesContextTestExecutionListener@4a490518, org.springframework.test.context.transaction.TransactionalTestExecutionListener@7890fbf9, org.springframework.test.context.jdbc.SqlScriptsTestExecutionListener@32ae11c9, org.springframework.test.context.event.EventPublishingTestExecutionListener@167bae0b, org.springframework.boot.test.mock.mockito.ResetMocksTestExecutionListener@14980819, org.springframework.boot.test.autoconfigure.restdocs.RestDocsTestExecutionListener@6b286640, org.springframework.boot.test.autoconfigure.web.client.MockRestServiceServerResetTestExecutionListener@294a12b5, org.springframework.boot.test.autoconfigure.web.servlet.MockMvcPrintOnlyOnFailureTestExecutionListener@628aea61, org.springframework.boot.test.autoconfigure.web.servlet.WebDriverTestExecutionListener@3606eee9, org.springframework.boot.test.autoconfigure.webservices.client.MockWebServiceServerTestExecutionListener@1e34840f]
2025-04-17 17:35:45.426  INFO 12439 --- [           main] .b.t.c.SpringBootTestContextBootstrapper : Neither @ContextConfiguration nor @ContextHierarchy found for test class [com.example.coindesk.controller.CurrencyControllerTest$DeleteCurrencyTests], using SpringBootContextLoader
2025-04-17 17:35:45.427  INFO 12439 --- [           main] o.s.t.c.support.AbstractContextLoader    : Could not detect default resource locations for test class [com.example.coindesk.controller.CurrencyControllerTest$DeleteCurrencyTests]: no resource found for suffixes {-context.xml, Context.groovy}.
2025-04-17 17:35:45.427  INFO 12439 --- [           main] t.c.s.AnnotationConfigContextLoaderUtils : Could not detect default configuration classes for test class [com.example.coindesk.controller.CurrencyControllerTest$DeleteCurrencyTests]: DeleteCurrencyTests does not declare any static, non-private, non-final, nested classes annotated with @Configuration.
2025-04-17 17:35:45.428  INFO 12439 --- [           main] .b.t.c.SpringBootTestContextBootstrapper : Found @SpringBootConfiguration com.example.coindesk.CoindeskApplication for test class com.example.coindesk.controller.CurrencyControllerTest$DeleteCurrencyTests
2025-04-17 17:35:45.428  INFO 12439 --- [           main] .b.t.c.SpringBootTestContextBootstrapper : Loaded default TestExecutionListener class names from location [META-INF/spring.factories]: [org.springframework.boot.test.mock.mockito.MockitoTestExecutionListener, org.springframework.boot.test.mock.mockito.ResetMocksTestExecutionListener, org.springframework.boot.test.autoconfigure.restdocs.RestDocsTestExecutionListener, org.springframework.boot.test.autoconfigure.web.client.MockRestServiceServerResetTestExecutionListener, org.springframework.boot.test.autoconfigure.web.servlet.MockMvcPrintOnlyOnFailureTestExecutionListener, org.springframework.boot.test.autoconfigure.web.servlet.WebDriverTestExecutionListener, org.springframework.boot.test.autoconfigure.webservices.client.MockWebServiceServerTestExecutionListener, org.springframework.test.context.web.ServletTestExecutionListener, org.springframework.test.context.support.DirtiesContextBeforeModesTestExecutionListener, org.springframework.test.context.event.ApplicationEventsTestExecutionListener, org.springframework.test.context.support.DependencyInjectionTestExecutionListener, org.springframework.test.context.support.DirtiesContextTestExecutionListener, org.springframework.test.context.transaction.TransactionalTestExecutionListener, org.springframework.test.context.jdbc.SqlScriptsTestExecutionListener, org.springframework.test.context.event.EventPublishingTestExecutionListener]
2025-04-17 17:35:45.428  INFO 12439 --- [           main] .b.t.c.SpringBootTestContextBootstrapper : Using TestExecutionListeners: [org.springframework.test.context.web.ServletTestExecutionListener@48301bfe, org.springframework.test.context.support.DirtiesContextBeforeModesTestExecutionListener@6dd1f239, org.springframework.test.context.event.ApplicationEventsTestExecutionListener@28d97205, org.springframework.boot.test.mock.mockito.MockitoTestExecutionListener@7e58b0f6, org.springframework.boot.test.autoconfigure.SpringBootDependencyInjectionTestExecutionListener@367fbb28, org.springframework.test.context.support.DirtiesContextTestExecutionListener@54ddd7e4, org.springframework.test.context.transaction.TransactionalTestExecutionListener@37f7ce20, org.springframework.test.context.jdbc.SqlScriptsTestExecutionListener@c931728, org.springframework.test.context.event.EventPublishingTestExecutionListener@477e5b69, org.springframework.boot.test.mock.mockito.ResetMocksTestExecutionListener@7da6d695, org.springframework.boot.test.autoconfigure.restdocs.RestDocsTestExecutionListener@74a991cf, org.springframework.boot.test.autoconfigure.web.client.MockRestServiceServerResetTestExecutionListener@6097f225, org.springframework.boot.test.autoconfigure.web.servlet.MockMvcPrintOnlyOnFailureTestExecutionListener@5507584d, org.springframework.boot.test.autoconfigure.web.servlet.WebDriverTestExecutionListener@1e5e2e06, org.springframework.boot.test.autoconfigure.webservices.client.MockWebServiceServerTestExecutionListener@26c1f3eb]

  .   ____          _            __ _ _
 /\\ / ___'_ __ _ _(_)_ __  __ _ \ \ \ \
( ( )\___ | '_ | '_| | '_ \/ _` | \ \ \ \
 \\/  ___)| |_)| | | | | || (_| |  ) ) ) )
  '  |____| .__|_| |_|_| |_\__, | / / / /
 =========|_|==============|___/=/_/_/_/
 :: Spring Boot ::               (v2.7.17)

2025-04-17 17:35:45.439  INFO 12439 --- [           main] c.e.c.controller.CurrencyControllerTest  : Starting CurrencyControllerTest using Java 11.0.26 on Yangs-MacBook-Air.local with PID 12439 (started by yangyen in /Users/yangyen/Desktop/coindesk)
2025-04-17 17:35:45.439  INFO 12439 --- [           main] c.e.c.controller.CurrencyControllerTest  : No active profile set, falling back to 1 default profile: "default"
2025-04-17 17:35:45.488  INFO 12439 --- [           main] .s.d.r.c.RepositoryConfigurationDelegate : Bootstrapping Spring Data JPA repositories in DEFAULT mode.
2025-04-17 17:35:45.492  INFO 12439 --- [           main] .s.d.r.c.RepositoryConfigurationDelegate : Finished Spring Data repository scanning in 3 ms. Found 1 JPA repository interfaces.
2025-04-17 17:35:45.526  INFO 12439 --- [           main] com.zaxxer.hikari.HikariDataSource       : HikariPool-2 - Starting...
2025-04-17 17:35:45.527  INFO 12439 --- [           main] com.zaxxer.hikari.HikariDataSource       : HikariPool-2 - Start completed.
2025-04-17 17:35:45.538  INFO 12439 --- [           main] o.hibernate.jpa.internal.util.LogHelper  : HHH000204: Processing PersistenceUnitInfo [name: default]
2025-04-17 17:35:45.540  INFO 12439 --- [           main] org.hibernate.dialect.Dialect            : HHH000400: Using dialect: org.hibernate.dialect.H2Dialect
2025-04-17 17:35:45.548  INFO 12439 --- [           main] o.h.e.t.j.p.i.JtaPlatformInitiator       : HHH000490: Using JtaPlatform implementation: [org.hibernate.engine.transaction.jta.platform.internal.NoJtaPlatform]
2025-04-17 17:35:45.548  INFO 12439 --- [           main] j.LocalContainerEntityManagerFactoryBean : Initialized JPA EntityManagerFactory for persistence unit 'default'
2025-04-17 17:35:45.551  INFO 12439 --- [           main] c.e.coindesk.config.RestTemplateConfig   : Creating RestTemplate with custom configuration
2025-04-17 17:35:45.551  INFO 12439 --- [           main] c.e.coindesk.config.RestTemplateConfig   : RestTemplate created with timeout settings (connect: 5000ms, read: 5000ms)
2025-04-17 17:35:45.628  WARN 12439 --- [           main] JpaBaseConfiguration$JpaWebConfiguration : spring.jpa.open-in-view is enabled by default. Therefore, database queries may be performed during view rendering. Explicitly configure spring.jpa.open-in-view to disable this warning
2025-04-17 17:35:45.660  INFO 12439 --- [           main] o.s.b.a.h2.H2ConsoleAutoConfiguration    : H2 console available at '/h2-console'. Database available at 'jdbc:h2:mem:coindeskdb'
2025-04-17 17:35:45.723  INFO 12439 --- [           main] o.s.b.t.m.w.SpringBootMockServletContext : Initializing Spring TestDispatcherServlet ''
2025-04-17 17:35:45.723  INFO 12439 --- [           main] o.s.t.web.servlet.TestDispatcherServlet  : Initializing Servlet ''
2025-04-17 17:35:45.724  INFO 12439 --- [           main] o.s.t.web.servlet.TestDispatcherServlet  : Completed initialization in 1 ms
2025-04-17 17:35:45.727  INFO 12439 --- [           main] c.e.c.controller.CurrencyControllerTest  : Started CurrencyControllerTest in 0.298 seconds (JVM running for 2.221)
2025-04-17 17:35:45.733  INFO 12439 --- [           main] o.s.t.c.transaction.TransactionContext   : Began transaction (1) for test context [DefaultTestContext@6f30d0eb testClass = CurrencyControllerTest.DeleteCurrencyTests, testInstance = com.example.coindesk.controller.CurrencyControllerTest$DeleteCurrencyTests@22fe90df, testMethod = testDeleteCurrency@CurrencyControllerTest.DeleteCurrencyTests, testException = [null], mergedContextConfiguration = [WebMergedContextConfiguration@2604940 testClass = CurrencyControllerTest.DeleteCurrencyTests, locations = '{}', classes = '{class com.example.coindesk.CoindeskApplication}', contextInitializerClasses = '[]', activeProfiles = '{}', propertySourceLocations = '{}', propertySourceProperties = '{org.springframework.boot.test.context.SpringBootTestContextBootstrapper=true}', contextCustomizers = set[[ImportsContextCustomizer@2e564c78 key = [org.springframework.boot.test.autoconfigure.web.servlet.MockMvcWebDriverAutoConfiguration, org.springframework.boot.test.autoconfigure.web.servlet.MockMvcAutoConfiguration, org.springframework.boot.autoconfigure.security.oauth2.client.servlet.OAuth2ClientAutoConfiguration, org.springframework.boot.autoconfigure.security.servlet.SecurityAutoConfiguration, org.springframework.boot.autoconfigure.security.servlet.SecurityFilterAutoConfiguration, org.springframework.boot.autoconfigure.security.servlet.UserDetailsServiceAutoConfiguration, org.springframework.boot.autoconfigure.security.oauth2.resource.servlet.OAuth2ResourceServerAutoConfiguration, org.springframework.boot.test.autoconfigure.web.servlet.MockMvcSecurityConfiguration, org.springframework.boot.test.autoconfigure.web.servlet.MockMvcWebClientAutoConfiguration, org.springframework.boot.test.autoconfigure.web.reactive.WebTestClientAutoConfiguration]], org.springframework.boot.test.context.filter.ExcludeFilterContextCustomizer@6986852, org.springframework.boot.test.json.DuplicateJsonObjectContextCustomizerFactory$DuplicateJsonObjectContextCustomizer@6c61a903, org.springframework.boot.test.mock.mockito.MockitoContextCustomizer@0, org.springframework.boot.test.web.client.TestRestTemplateContextCustomizer@5b3f61ff, org.springframework.boot.test.autoconfigure.actuate.metrics.MetricsExportContextCustomizerFactory$DisableMetricExportContextCustomizer@46271dd6, org.springframework.boot.test.autoconfigure.properties.PropertyMappingContextCustomizer@4b3fa0b3, org.springframework.boot.test.autoconfigure.web.servlet.WebDriverContextCustomizerFactory$Customizer@6cdba6dc, org.springframework.boot.test.context.SpringBootTestArgs@1, org.springframework.boot.test.context.SpringBootTestWebEnvironment@4313f5bc], resourceBasePath = 'src/main/webapp', contextLoader = 'org.springframework.boot.test.context.SpringBootContextLoader', parent = [null]], attributes = map['org.springframework.test.context.web.ServletTestExecutionListener.activateListener' -> true, 'org.springframework.test.context.web.ServletTestExecutionListener.populatedRequestContextHolder' -> true, 'org.springframework.test.context.web.ServletTestExecutionListener.resetRequestContextHolder' -> true, 'org.springframework.test.context.event.ApplicationEventsTestExecutionListener.recordApplicationEvents' -> false]]; transaction manager [org.springframework.orm.jpa.JpaTransactionManager@7d0312a]; rollback [true]
Hibernate: insert into currency (id, chinese_name, code) values (default, ?, ?)

MockHttpServletRequest:
      HTTP Method = DELETE
      Request URI = /api/currencies/5
       Parameters = {}
          Headers = []
             Body = null
    Session Attrs = {}

Handler:
             Type = com.example.coindesk.controller.CurrencyController
           Method = com.example.coindesk.controller.CurrencyController#deleteCurrency(Long)

Async:
    Async started = false
     Async result = null

Resolved Exception:
             Type = null

ModelAndView:
        View name = null
             View = null
            Model = null

FlashMap:
       Attributes = null

MockHttpServletResponse:
           Status = 200
    Error message = null
          Headers = []
     Content type = null
             Body = 
    Forwarded URL = null
   Redirected URL = null
          Cookies = []
2025-04-17 17:35:45.775  INFO 12439 --- [           main] o.s.t.c.transaction.TransactionContext   : Rolled back transaction for test: [DefaultTestContext@6f30d0eb testClass = CurrencyControllerTest.DeleteCurrencyTests, testInstance = com.example.coindesk.controller.CurrencyControllerTest$DeleteCurrencyTests@22fe90df, testMethod = testDeleteCurrency@CurrencyControllerTest.DeleteCurrencyTests, testException = java.lang.AssertionError: Status expected:<204> but was:<200>, mergedContextConfiguration = [WebMergedContextConfiguration@2604940 testClass = CurrencyControllerTest.DeleteCurrencyTests, locations = '{}', classes = '{class com.example.coindesk.CoindeskApplication}', contextInitializerClasses = '[]', activeProfiles = '{}', propertySourceLocations = '{}', propertySourceProperties = '{org.springframework.boot.test.context.SpringBootTestContextBootstrapper=true}', contextCustomizers = set[[ImportsContextCustomizer@2e564c78 key = [org.springframework.boot.test.autoconfigure.web.servlet.MockMvcWebDriverAutoConfiguration, org.springframework.boot.test.autoconfigure.web.servlet.MockMvcAutoConfiguration, org.springframework.boot.autoconfigure.security.oauth2.client.servlet.OAuth2ClientAutoConfiguration, org.springframework.boot.autoconfigure.security.servlet.SecurityAutoConfiguration, org.springframework.boot.autoconfigure.security.servlet.SecurityFilterAutoConfiguration, org.springframework.boot.autoconfigure.security.servlet.UserDetailsServiceAutoConfiguration, org.springframework.boot.autoconfigure.security.oauth2.resource.servlet.OAuth2ResourceServerAutoConfiguration, org.springframework.boot.test.autoconfigure.web.servlet.MockMvcSecurityConfiguration, org.springframework.boot.test.autoconfigure.web.servlet.MockMvcWebClientAutoConfiguration, org.springframework.boot.test.autoconfigure.web.reactive.WebTestClientAutoConfiguration]], org.springframework.boot.test.context.filter.ExcludeFilterContextCustomizer@6986852, org.springframework.boot.test.json.DuplicateJsonObjectContextCustomizerFactory$DuplicateJsonObjectContextCustomizer@6c61a903, org.springframework.boot.test.mock.mockito.MockitoContextCustomizer@0, org.springframework.boot.test.web.client.TestRestTemplateContextCustomizer@5b3f61ff, org.springframework.boot.test.autoconfigure.actuate.metrics.MetricsExportContextCustomizerFactory$DisableMetricExportContextCustomizer@46271dd6, org.springframework.boot.test.autoconfigure.properties.PropertyMappingContextCustomizer@4b3fa0b3, org.springframework.boot.test.autoconfigure.web.servlet.WebDriverContextCustomizerFactory$Customizer@6cdba6dc, org.springframework.boot.test.context.SpringBootTestArgs@1, org.springframework.boot.test.context.SpringBootTestWebEnvironment@4313f5bc], resourceBasePath = 'src/main/webapp', contextLoader = 'org.springframework.boot.test.context.SpringBootContextLoader', parent = [null]], attributes = map['org.springframework.test.context.web.ServletTestExecutionListener.activateListener' -> true, 'org.springframework.test.context.web.ServletTestExecutionListener.populatedRequestContextHolder' -> true, 'org.springframework.test.context.web.ServletTestExecutionListener.resetRequestContextHolder' -> true, 'org.springframework.test.context.event.ApplicationEventsTestExecutionListener.recordApplicationEvents' -> false]]
]]></system-out>
  </testcase>
  <testcase name="testUpdateCurrency" classname="com.example.coindesk.controller.CurrencyControllerTest$UpdateCurrencyTests" time="0.093"/>
  <testcase name="testGetCurrencyById" classname="com.example.coindesk.controller.CurrencyControllerTest$ReadCurrencyTests" time="0.004"/>
  <testcase name="testGetNonExistentCurrency" classname="com.example.coindesk.controller.CurrencyControllerTest$ReadCurrencyTests" time="0.004"/>
  <testcase name="testGetAllCurrencies" classname="com.example.coindesk.controller.CurrencyControllerTest$ReadCurrencyTests" time="0.016"/>
  <testcase name="testCreateCurrency{String, String}[1]" classname="com.example.coindesk.controller.CurrencyControllerTest$CreateCurrencyTests" time="0.01">
    <failure message="Status expected:&lt;201&gt; but was:&lt;200&gt;" type="java.lang.AssertionError"><![CDATA[java.lang.AssertionError: Status expected:<201> but was:<200>
	at com.example.coindesk.controller.CurrencyControllerTest$CreateCurrencyTests.testCreateCurrency(CurrencyControllerTest.java:66)
]]></failure>
    <system-out><![CDATA[2025-04-17 17:35:45.902  INFO 12439 --- [           main] .b.t.c.SpringBootTestContextBootstrapper : Neither @ContextConfiguration nor @ContextHierarchy found for test class [com.example.coindesk.controller.CurrencyControllerTest$CreateCurrencyTests], using SpringBootContextLoader
2025-04-17 17:35:45.903  INFO 12439 --- [           main] o.s.t.c.support.AbstractContextLoader    : Could not detect default resource locations for test class [com.example.coindesk.controller.CurrencyControllerTest$CreateCurrencyTests]: no resource found for suffixes {-context.xml, Context.groovy}.
2025-04-17 17:35:45.903  INFO 12439 --- [           main] t.c.s.AnnotationConfigContextLoaderUtils : Could not detect default configuration classes for test class [com.example.coindesk.controller.CurrencyControllerTest$CreateCurrencyTests]: CreateCurrencyTests does not declare any static, non-private, non-final, nested classes annotated with @Configuration.
2025-04-17 17:35:45.904  INFO 12439 --- [           main] .b.t.c.SpringBootTestContextBootstrapper : Found @SpringBootConfiguration com.example.coindesk.CoindeskApplication for test class com.example.coindesk.controller.CurrencyControllerTest$CreateCurrencyTests
2025-04-17 17:35:45.905  INFO 12439 --- [           main] .b.t.c.SpringBootTestContextBootstrapper : Loaded default TestExecutionListener class names from location [META-INF/spring.factories]: [org.springframework.boot.test.mock.mockito.MockitoTestExecutionListener, org.springframework.boot.test.mock.mockito.ResetMocksTestExecutionListener, org.springframework.boot.test.autoconfigure.restdocs.RestDocsTestExecutionListener, org.springframework.boot.test.autoconfigure.web.client.MockRestServiceServerResetTestExecutionListener, org.springframework.boot.test.autoconfigure.web.servlet.MockMvcPrintOnlyOnFailureTestExecutionListener, org.springframework.boot.test.autoconfigure.web.servlet.WebDriverTestExecutionListener, org.springframework.boot.test.autoconfigure.webservices.client.MockWebServiceServerTestExecutionListener, org.springframework.test.context.web.ServletTestExecutionListener, org.springframework.test.context.support.DirtiesContextBeforeModesTestExecutionListener, org.springframework.test.context.event.ApplicationEventsTestExecutionListener, org.springframework.test.context.support.DependencyInjectionTestExecutionListener, org.springframework.test.context.support.DirtiesContextTestExecutionListener, org.springframework.test.context.transaction.TransactionalTestExecutionListener, org.springframework.test.context.jdbc.SqlScriptsTestExecutionListener, org.springframework.test.context.event.EventPublishingTestExecutionListener]
2025-04-17 17:35:45.905  INFO 12439 --- [           main] .b.t.c.SpringBootTestContextBootstrapper : Using TestExecutionListeners: [org.springframework.test.context.web.ServletTestExecutionListener@7af17d31, org.springframework.test.context.support.DirtiesContextBeforeModesTestExecutionListener@40612056, org.springframework.test.context.event.ApplicationEventsTestExecutionListener@4a49ce3a, org.springframework.boot.test.mock.mockito.MockitoTestExecutionListener@518ed9b4, org.springframework.boot.test.autoconfigure.SpringBootDependencyInjectionTestExecutionListener@20e73e41, org.springframework.test.context.support.DirtiesContextTestExecutionListener@694dc99b, org.springframework.test.context.transaction.TransactionalTestExecutionListener@6d71f296, org.springframework.test.context.jdbc.SqlScriptsTestExecutionListener@4a15d5f5, org.springframework.test.context.event.EventPublishingTestExecutionListener@5319efc0, org.springframework.boot.test.mock.mockito.ResetMocksTestExecutionListener@549fe529, org.springframework.boot.test.autoconfigure.restdocs.RestDocsTestExecutionListener@3618486e, org.springframework.boot.test.autoconfigure.web.client.MockRestServiceServerResetTestExecutionListener@52c68925, org.springframework.boot.test.autoconfigure.web.servlet.MockMvcPrintOnlyOnFailureTestExecutionListener@4ebd0b52, org.springframework.boot.test.autoconfigure.web.servlet.WebDriverTestExecutionListener@65a01901, org.springframework.boot.test.autoconfigure.webservices.client.MockWebServiceServerTestExecutionListener@110f66e3]
2025-04-17 17:35:45.923  INFO 12439 --- [           main] o.s.t.c.transaction.TransactionContext   : Began transaction (1) for test context [DefaultTestContext@1f138b74 testClass = CurrencyControllerTest.CreateCurrencyTests, testInstance = com.example.coindesk.controller.CurrencyControllerTest$CreateCurrencyTests@4c682826, testMethod = testCreateCurrency@CurrencyControllerTest.CreateCurrencyTests, testException = [null], mergedContextConfiguration = [WebMergedContextConfiguration@a1c4f69 testClass = CurrencyControllerTest.CreateCurrencyTests, locations = '{}', classes = '{class com.example.coindesk.CoindeskApplication}', contextInitializerClasses = '[]', activeProfiles = '{}', propertySourceLocations = '{}', propertySourceProperties = '{org.springframework.boot.test.context.SpringBootTestContextBootstrapper=true}', contextCustomizers = set[[ImportsContextCustomizer@7a285418 key = [org.springframework.boot.test.autoconfigure.web.servlet.MockMvcWebDriverAutoConfiguration, org.springframework.boot.test.autoconfigure.web.servlet.MockMvcAutoConfiguration, org.springframework.boot.autoconfigure.security.oauth2.client.servlet.OAuth2ClientAutoConfiguration, org.springframework.boot.autoconfigure.security.servlet.SecurityAutoConfiguration, org.springframework.boot.autoconfigure.security.servlet.SecurityFilterAutoConfiguration, org.springframework.boot.autoconfigure.security.servlet.UserDetailsServiceAutoConfiguration, org.springframework.boot.autoconfigure.security.oauth2.resource.servlet.OAuth2ResourceServerAutoConfiguration, org.springframework.boot.test.autoconfigure.web.servlet.MockMvcSecurityConfiguration, org.springframework.boot.test.autoconfigure.web.servlet.MockMvcWebClientAutoConfiguration, org.springframework.boot.test.autoconfigure.web.reactive.WebTestClientAutoConfiguration]], org.springframework.boot.test.context.filter.ExcludeFilterContextCustomizer@6986852, org.springframework.boot.test.json.DuplicateJsonObjectContextCustomizerFactory$DuplicateJsonObjectContextCustomizer@6c61a903, org.springframework.boot.test.mock.mockito.MockitoContextCustomizer@0, org.springframework.boot.test.web.client.TestRestTemplateContextCustomizer@5b3f61ff, org.springframework.boot.test.autoconfigure.actuate.metrics.MetricsExportContextCustomizerFactory$DisableMetricExportContextCustomizer@46271dd6, org.springframework.boot.test.autoconfigure.properties.PropertyMappingContextCustomizer@4b3fa0b3, org.springframework.boot.test.autoconfigure.web.servlet.WebDriverContextCustomizerFactory$Customizer@6cdba6dc, org.springframework.boot.test.context.SpringBootTestArgs@1, org.springframework.boot.test.context.SpringBootTestWebEnvironment@4313f5bc], resourceBasePath = 'src/main/webapp', contextLoader = 'org.springframework.boot.test.context.SpringBootContextLoader', parent = [null]], attributes = map['org.springframework.test.context.web.ServletTestExecutionListener.activateListener' -> true, 'org.springframework.test.context.web.ServletTestExecutionListener.populatedRequestContextHolder' -> true, 'org.springframework.test.context.web.ServletTestExecutionListener.resetRequestContextHolder' -> true, 'org.springframework.test.context.event.ApplicationEventsTestExecutionListener.recordApplicationEvents' -> false]]; transaction manager [org.springframework.orm.jpa.JpaTransactionManager@7d0312a]; rollback [true]
Hibernate: insert into currency (id, chinese_name, code) values (default, ?, ?)
Hibernate: insert into currency (id, chinese_name, code) values (default, ?, ?)

MockHttpServletRequest:
      HTTP Method = POST
      Request URI = /api/currencies
       Parameters = {}
          Headers = [Content-Type:"application/json;charset=UTF-8", Content-Length:"50"]
             Body = {"id":null,"code":"CNY","chineseName":"人民幣"}
    Session Attrs = {}

Handler:
             Type = com.example.coindesk.controller.CurrencyController
           Method = com.example.coindesk.controller.CurrencyController#createCurrency(Currency)

Async:
    Async started = false
     Async result = null

Resolved Exception:
             Type = null

ModelAndView:
        View name = null
             View = null
            Model = null

FlashMap:
       Attributes = null

MockHttpServletResponse:
           Status = 200
    Error message = null
          Headers = [Content-Type:"application/json"]
     Content type = application/json
             Body = {"id":11,"code":"CNY","chineseName":"人民幣"}
    Forwarded URL = null
   Redirected URL = null
          Cookies = []
2025-04-17 17:35:45.932  INFO 12439 --- [           main] o.s.t.c.transaction.TransactionContext   : Rolled back transaction for test: [DefaultTestContext@1f138b74 testClass = CurrencyControllerTest.CreateCurrencyTests, testInstance = com.example.coindesk.controller.CurrencyControllerTest$CreateCurrencyTests@4c682826, testMethod = testCreateCurrency@CurrencyControllerTest.CreateCurrencyTests, testException = java.lang.AssertionError: Status expected:<201> but was:<200>, mergedContextConfiguration = [WebMergedContextConfiguration@a1c4f69 testClass = CurrencyControllerTest.CreateCurrencyTests, locations = '{}', classes = '{class com.example.coindesk.CoindeskApplication}', contextInitializerClasses = '[]', activeProfiles = '{}', propertySourceLocations = '{}', propertySourceProperties = '{org.springframework.boot.test.context.SpringBootTestContextBootstrapper=true}', contextCustomizers = set[[ImportsContextCustomizer@7a285418 key = [org.springframework.boot.test.autoconfigure.web.servlet.MockMvcWebDriverAutoConfiguration, org.springframework.boot.test.autoconfigure.web.servlet.MockMvcAutoConfiguration, org.springframework.boot.autoconfigure.security.oauth2.client.servlet.OAuth2ClientAutoConfiguration, org.springframework.boot.autoconfigure.security.servlet.SecurityAutoConfiguration, org.springframework.boot.autoconfigure.security.servlet.SecurityFilterAutoConfiguration, org.springframework.boot.autoconfigure.security.servlet.UserDetailsServiceAutoConfiguration, org.springframework.boot.autoconfigure.security.oauth2.resource.servlet.OAuth2ResourceServerAutoConfiguration, org.springframework.boot.test.autoconfigure.web.servlet.MockMvcSecurityConfiguration, org.springframework.boot.test.autoconfigure.web.servlet.MockMvcWebClientAutoConfiguration, org.springframework.boot.test.autoconfigure.web.reactive.WebTestClientAutoConfiguration]], org.springframework.boot.test.context.filter.ExcludeFilterContextCustomizer@6986852, org.springframework.boot.test.json.DuplicateJsonObjectContextCustomizerFactory$DuplicateJsonObjectContextCustomizer@6c61a903, org.springframework.boot.test.mock.mockito.MockitoContextCustomizer@0, org.springframework.boot.test.web.client.TestRestTemplateContextCustomizer@5b3f61ff, org.springframework.boot.test.autoconfigure.actuate.metrics.MetricsExportContextCustomizerFactory$DisableMetricExportContextCustomizer@46271dd6, org.springframework.boot.test.autoconfigure.properties.PropertyMappingContextCustomizer@4b3fa0b3, org.springframework.boot.test.autoconfigure.web.servlet.WebDriverContextCustomizerFactory$Customizer@6cdba6dc, org.springframework.boot.test.context.SpringBootTestArgs@1, org.springframework.boot.test.context.SpringBootTestWebEnvironment@4313f5bc], resourceBasePath = 'src/main/webapp', contextLoader = 'org.springframework.boot.test.context.SpringBootContextLoader', parent = [null]], attributes = map['org.springframework.test.context.web.ServletTestExecutionListener.activateListener' -> true, 'org.springframework.test.context.web.ServletTestExecutionListener.populatedRequestContextHolder' -> true, 'org.springframework.test.context.web.ServletTestExecutionListener.resetRequestContextHolder' -> true, 'org.springframework.test.context.event.ApplicationEventsTestExecutionListener.recordApplicationEvents' -> false]]
]]></system-out>
  </testcase>
  <testcase name="testCreateCurrency{String, String}[2]" classname="com.example.coindesk.controller.CurrencyControllerTest$CreateCurrencyTests" time="0.009">
    <failure message="Status expected:&lt;201&gt; but was:&lt;503&gt;" type="java.lang.AssertionError"><![CDATA[java.lang.AssertionError: Status expected:<201> but was:<503>
	at com.example.coindesk.controller.CurrencyControllerTest$CreateCurrencyTests.testCreateCurrency(CurrencyControllerTest.java:66)
]]></failure>
    <system-out><![CDATA[2025-04-17 17:35:45.934  INFO 12439 --- [           main] o.s.t.c.transaction.TransactionContext   : Began transaction (1) for test context [DefaultTestContext@1f138b74 testClass = CurrencyControllerTest.CreateCurrencyTests, testInstance = com.example.coindesk.controller.CurrencyControllerTest$CreateCurrencyTests@726ee6cf, testMethod = testCreateCurrency@CurrencyControllerTest.CreateCurrencyTests, testException = [null], mergedContextConfiguration = [WebMergedContextConfiguration@a1c4f69 testClass = CurrencyControllerTest.CreateCurrencyTests, locations = '{}', classes = '{class com.example.coindesk.CoindeskApplication}', contextInitializerClasses = '[]', activeProfiles = '{}', propertySourceLocations = '{}', propertySourceProperties = '{org.springframework.boot.test.context.SpringBootTestContextBootstrapper=true}', contextCustomizers = set[[ImportsContextCustomizer@7a285418 key = [org.springframework.boot.test.autoconfigure.web.servlet.MockMvcWebDriverAutoConfiguration, org.springframework.boot.test.autoconfigure.web.servlet.MockMvcAutoConfiguration, org.springframework.boot.autoconfigure.security.oauth2.client.servlet.OAuth2ClientAutoConfiguration, org.springframework.boot.autoconfigure.security.servlet.SecurityAutoConfiguration, org.springframework.boot.autoconfigure.security.servlet.SecurityFilterAutoConfiguration, org.springframework.boot.autoconfigure.security.servlet.UserDetailsServiceAutoConfiguration, org.springframework.boot.autoconfigure.security.oauth2.resource.servlet.OAuth2ResourceServerAutoConfiguration, org.springframework.boot.test.autoconfigure.web.servlet.MockMvcSecurityConfiguration, org.springframework.boot.test.autoconfigure.web.servlet.MockMvcWebClientAutoConfiguration, org.springframework.boot.test.autoconfigure.web.reactive.WebTestClientAutoConfiguration]], org.springframework.boot.test.context.filter.ExcludeFilterContextCustomizer@6986852, org.springframework.boot.test.json.DuplicateJsonObjectContextCustomizerFactory$DuplicateJsonObjectContextCustomizer@6c61a903, org.springframework.boot.test.mock.mockito.MockitoContextCustomizer@0, org.springframework.boot.test.web.client.TestRestTemplateContextCustomizer@5b3f61ff, org.springframework.boot.test.autoconfigure.actuate.metrics.MetricsExportContextCustomizerFactory$DisableMetricExportContextCustomizer@46271dd6, org.springframework.boot.test.autoconfigure.properties.PropertyMappingContextCustomizer@4b3fa0b3, org.springframework.boot.test.autoconfigure.web.servlet.WebDriverContextCustomizerFactory$Customizer@6cdba6dc, org.springframework.boot.test.context.SpringBootTestArgs@1, org.springframework.boot.test.context.SpringBootTestWebEnvironment@4313f5bc], resourceBasePath = 'src/main/webapp', contextLoader = 'org.springframework.boot.test.context.SpringBootContextLoader', parent = [null]], attributes = map['org.springframework.test.context.web.ServletTestExecutionListener.activateListener' -> true, 'org.springframework.test.context.web.ServletTestExecutionListener.populatedRequestContextHolder' -> true, 'org.springframework.test.context.web.ServletTestExecutionListener.resetRequestContextHolder' -> true, 'org.springframework.test.context.event.ApplicationEventsTestExecutionListener.recordApplicationEvents' -> false]]; transaction manager [org.springframework.orm.jpa.JpaTransactionManager@7d0312a]; rollback [true]
Hibernate: insert into currency (id, chinese_name, code) values (default, ?, ?)
Hibernate: insert into currency (id, chinese_name, code) values (default, ?, ?)
2025-04-17 17:35:45.937  WARN 12439 --- [           main] o.h.engine.jdbc.spi.SqlExceptionHelper   : SQL Error: 23505, SQLState: 23505
2025-04-17 17:35:45.937 ERROR 12439 --- [           main] o.h.engine.jdbc.spi.SqlExceptionHelper   : Unique index or primary key violation: "PUBLIC.CONSTRAINT_INDEX_5 ON PUBLIC.CURRENCY(CODE NULLS FIRST) VALUES ( /* 4 */ 'JPY' )"; SQL statement:
insert into currency (id, chinese_name, code) values (default, ?, ?) [23505-214]

MockHttpServletRequest:
      HTTP Method = POST
      Request URI = /api/currencies
       Parameters = {}
          Headers = [Content-Type:"application/json;charset=UTF-8", Content-Length:"47"]
             Body = {"id":null,"code":"JPY","chineseName":"日圓"}
    Session Attrs = {}

Handler:
             Type = com.example.coindesk.controller.CurrencyController
           Method = com.example.coindesk.controller.CurrencyController#createCurrency(Currency)

Async:
    Async started = false
     Async result = null

Resolved Exception:
             Type = org.springframework.dao.DataIntegrityViolationException

ModelAndView:
        View name = null
             View = null
            Model = null

FlashMap:
       Attributes = null

MockHttpServletResponse:
           Status = 503
    Error message = null
          Headers = [Content-Type:"application/json"]
     Content type = application/json
             Body = {"error":"Service Unavailable","message":"could not execute statement; SQL [n/a]; constraint [\"PUBLIC.CONSTRAINT_INDEX_5 ON PUBLIC.CURRENCY(CODE NULLS FIRST) VALUES ( /* 4 */ 'JPY' )\"; SQL statement:\ninsert into currency (id, chinese_name, code) values (default, ?, ?) [23505-214]]; nested exception is org.hibernate.exception.ConstraintViolationException: could not execute statement","timestamp":"2025-04-17T17:35:45.938947","status":503}
    Forwarded URL = null
   Redirected URL = null
          Cookies = []
2025-04-17 17:35:45.943  INFO 12439 --- [           main] o.s.t.c.transaction.TransactionContext   : Rolled back transaction for test: [DefaultTestContext@1f138b74 testClass = CurrencyControllerTest.CreateCurrencyTests, testInstance = com.example.coindesk.controller.CurrencyControllerTest$CreateCurrencyTests@726ee6cf, testMethod = testCreateCurrency@CurrencyControllerTest.CreateCurrencyTests, testException = java.lang.AssertionError: Status expected:<201> but was:<503>, mergedContextConfiguration = [WebMergedContextConfiguration@a1c4f69 testClass = CurrencyControllerTest.CreateCurrencyTests, locations = '{}', classes = '{class com.example.coindesk.CoindeskApplication}', contextInitializerClasses = '[]', activeProfiles = '{}', propertySourceLocations = '{}', propertySourceProperties = '{org.springframework.boot.test.context.SpringBootTestContextBootstrapper=true}', contextCustomizers = set[[ImportsContextCustomizer@7a285418 key = [org.springframework.boot.test.autoconfigure.web.servlet.MockMvcWebDriverAutoConfiguration, org.springframework.boot.test.autoconfigure.web.servlet.MockMvcAutoConfiguration, org.springframework.boot.autoconfigure.security.oauth2.client.servlet.OAuth2ClientAutoConfiguration, org.springframework.boot.autoconfigure.security.servlet.SecurityAutoConfiguration, org.springframework.boot.autoconfigure.security.servlet.SecurityFilterAutoConfiguration, org.springframework.boot.autoconfigure.security.servlet.UserDetailsServiceAutoConfiguration, org.springframework.boot.autoconfigure.security.oauth2.resource.servlet.OAuth2ResourceServerAutoConfiguration, org.springframework.boot.test.autoconfigure.web.servlet.MockMvcSecurityConfiguration, org.springframework.boot.test.autoconfigure.web.servlet.MockMvcWebClientAutoConfiguration, org.springframework.boot.test.autoconfigure.web.reactive.WebTestClientAutoConfiguration]], org.springframework.boot.test.context.filter.ExcludeFilterContextCustomizer@6986852, org.springframework.boot.test.json.DuplicateJsonObjectContextCustomizerFactory$DuplicateJsonObjectContextCustomizer@6c61a903, org.springframework.boot.test.mock.mockito.MockitoContextCustomizer@0, org.springframework.boot.test.web.client.TestRestTemplateContextCustomizer@5b3f61ff, org.springframework.boot.test.autoconfigure.actuate.metrics.MetricsExportContextCustomizerFactory$DisableMetricExportContextCustomizer@46271dd6, org.springframework.boot.test.autoconfigure.properties.PropertyMappingContextCustomizer@4b3fa0b3, org.springframework.boot.test.autoconfigure.web.servlet.WebDriverContextCustomizerFactory$Customizer@6cdba6dc, org.springframework.boot.test.context.SpringBootTestArgs@1, org.springframework.boot.test.context.SpringBootTestWebEnvironment@4313f5bc], resourceBasePath = 'src/main/webapp', contextLoader = 'org.springframework.boot.test.context.SpringBootContextLoader', parent = [null]], attributes = map['org.springframework.test.context.web.ServletTestExecutionListener.activateListener' -> true, 'org.springframework.test.context.web.ServletTestExecutionListener.populatedRequestContextHolder' -> true, 'org.springframework.test.context.web.ServletTestExecutionListener.resetRequestContextHolder' -> true, 'org.springframework.test.context.event.ApplicationEventsTestExecutionListener.recordApplicationEvents' -> false]]
]]></system-out>
  </testcase>
  <testcase name="testCreateCurrency{String, String}[3]" classname="com.example.coindesk.controller.CurrencyControllerTest$CreateCurrencyTests" time="0.004">
    <failure message="Status expected:&lt;201&gt; but was:&lt;503&gt;" type="java.lang.AssertionError"><![CDATA[java.lang.AssertionError: Status expected:<201> but was:<503>
	at com.example.coindesk.controller.CurrencyControllerTest$CreateCurrencyTests.testCreateCurrency(CurrencyControllerTest.java:66)
]]></failure>
    <system-out><![CDATA[2025-04-17 17:35:45.944  INFO 12439 --- [           main] o.s.t.c.transaction.TransactionContext   : Began transaction (1) for test context [DefaultTestContext@1f138b74 testClass = CurrencyControllerTest.CreateCurrencyTests, testInstance = com.example.coindesk.controller.CurrencyControllerTest$CreateCurrencyTests@2e68bd3d, testMethod = testCreateCurrency@CurrencyControllerTest.CreateCurrencyTests, testException = [null], mergedContextConfiguration = [WebMergedContextConfiguration@a1c4f69 testClass = CurrencyControllerTest.CreateCurrencyTests, locations = '{}', classes = '{class com.example.coindesk.CoindeskApplication}', contextInitializerClasses = '[]', activeProfiles = '{}', propertySourceLocations = '{}', propertySourceProperties = '{org.springframework.boot.test.context.SpringBootTestContextBootstrapper=true}', contextCustomizers = set[[ImportsContextCustomizer@7a285418 key = [org.springframework.boot.test.autoconfigure.web.servlet.MockMvcWebDriverAutoConfiguration, org.springframework.boot.test.autoconfigure.web.servlet.MockMvcAutoConfiguration, org.springframework.boot.autoconfigure.security.oauth2.client.servlet.OAuth2ClientAutoConfiguration, org.springframework.boot.autoconfigure.security.servlet.SecurityAutoConfiguration, org.springframework.boot.autoconfigure.security.servlet.SecurityFilterAutoConfiguration, org.springframework.boot.autoconfigure.security.servlet.UserDetailsServiceAutoConfiguration, org.springframework.boot.autoconfigure.security.oauth2.resource.servlet.OAuth2ResourceServerAutoConfiguration, org.springframework.boot.test.autoconfigure.web.servlet.MockMvcSecurityConfiguration, org.springframework.boot.test.autoconfigure.web.servlet.MockMvcWebClientAutoConfiguration, org.springframework.boot.test.autoconfigure.web.reactive.WebTestClientAutoConfiguration]], org.springframework.boot.test.context.filter.ExcludeFilterContextCustomizer@6986852, org.springframework.boot.test.json.DuplicateJsonObjectContextCustomizerFactory$DuplicateJsonObjectContextCustomizer@6c61a903, org.springframework.boot.test.mock.mockito.MockitoContextCustomizer@0, org.springframework.boot.test.web.client.TestRestTemplateContextCustomizer@5b3f61ff, org.springframework.boot.test.autoconfigure.actuate.metrics.MetricsExportContextCustomizerFactory$DisableMetricExportContextCustomizer@46271dd6, org.springframework.boot.test.autoconfigure.properties.PropertyMappingContextCustomizer@4b3fa0b3, org.springframework.boot.test.autoconfigure.web.servlet.WebDriverContextCustomizerFactory$Customizer@6cdba6dc, org.springframework.boot.test.context.SpringBootTestArgs@1, org.springframework.boot.test.context.SpringBootTestWebEnvironment@4313f5bc], resourceBasePath = 'src/main/webapp', contextLoader = 'org.springframework.boot.test.context.SpringBootContextLoader', parent = [null]], attributes = map['org.springframework.test.context.web.ServletTestExecutionListener.activateListener' -> true, 'org.springframework.test.context.web.ServletTestExecutionListener.populatedRequestContextHolder' -> true, 'org.springframework.test.context.web.ServletTestExecutionListener.resetRequestContextHolder' -> true, 'org.springframework.test.context.event.ApplicationEventsTestExecutionListener.recordApplicationEvents' -> false]]; transaction manager [org.springframework.orm.jpa.JpaTransactionManager@7d0312a]; rollback [true]
Hibernate: insert into currency (id, chinese_name, code) values (default, ?, ?)
Hibernate: insert into currency (id, chinese_name, code) values (default, ?, ?)
2025-04-17 17:35:45.946  WARN 12439 --- [           main] o.h.engine.jdbc.spi.SqlExceptionHelper   : SQL Error: 23505, SQLState: 23505
2025-04-17 17:35:45.946 ERROR 12439 --- [           main] o.h.engine.jdbc.spi.SqlExceptionHelper   : Unique index or primary key violation: "PUBLIC.CONSTRAINT_INDEX_5 ON PUBLIC.CURRENCY(CODE NULLS FIRST) VALUES ( /* 3 */ 'EUR' )"; SQL statement:
insert into currency (id, chinese_name, code) values (default, ?, ?) [23505-214]

MockHttpServletRequest:
      HTTP Method = POST
      Request URI = /api/currencies
       Parameters = {}
          Headers = [Content-Type:"application/json;charset=UTF-8", Content-Length:"47"]
             Body = {"id":null,"code":"EUR","chineseName":"歐元"}
    Session Attrs = {}

Handler:
             Type = com.example.coindesk.controller.CurrencyController
           Method = com.example.coindesk.controller.CurrencyController#createCurrency(Currency)

Async:
    Async started = false
     Async result = null

Resolved Exception:
             Type = org.springframework.dao.DataIntegrityViolationException

ModelAndView:
        View name = null
             View = null
            Model = null

FlashMap:
       Attributes = null

MockHttpServletResponse:
           Status = 503
    Error message = null
          Headers = [Content-Type:"application/json"]
     Content type = application/json
             Body = {"error":"Service Unavailable","message":"could not execute statement; SQL [n/a]; constraint [\"PUBLIC.CONSTRAINT_INDEX_5 ON PUBLIC.CURRENCY(CODE NULLS FIRST) VALUES ( /* 3 */ 'EUR' )\"; SQL statement:\ninsert into currency (id, chinese_name, code) values (default, ?, ?) [23505-214]]; nested exception is org.hibernate.exception.ConstraintViolationException: could not execute statement","timestamp":"2025-04-17T17:35:45.946258","status":503}
    Forwarded URL = null
   Redirected URL = null
          Cookies = []
2025-04-17 17:35:45.947  INFO 12439 --- [           main] o.s.t.c.transaction.TransactionContext   : Rolled back transaction for test: [DefaultTestContext@1f138b74 testClass = CurrencyControllerTest.CreateCurrencyTests, testInstance = com.example.coindesk.controller.CurrencyControllerTest$CreateCurrencyTests@2e68bd3d, testMethod = testCreateCurrency@CurrencyControllerTest.CreateCurrencyTests, testException = java.lang.AssertionError: Status expected:<201> but was:<503>, mergedContextConfiguration = [WebMergedContextConfiguration@a1c4f69 testClass = CurrencyControllerTest.CreateCurrencyTests, locations = '{}', classes = '{class com.example.coindesk.CoindeskApplication}', contextInitializerClasses = '[]', activeProfiles = '{}', propertySourceLocations = '{}', propertySourceProperties = '{org.springframework.boot.test.context.SpringBootTestContextBootstrapper=true}', contextCustomizers = set[[ImportsContextCustomizer@7a285418 key = [org.springframework.boot.test.autoconfigure.web.servlet.MockMvcWebDriverAutoConfiguration, org.springframework.boot.test.autoconfigure.web.servlet.MockMvcAutoConfiguration, org.springframework.boot.autoconfigure.security.oauth2.client.servlet.OAuth2ClientAutoConfiguration, org.springframework.boot.autoconfigure.security.servlet.SecurityAutoConfiguration, org.springframework.boot.autoconfigure.security.servlet.SecurityFilterAutoConfiguration, org.springframework.boot.autoconfigure.security.servlet.UserDetailsServiceAutoConfiguration, org.springframework.boot.autoconfigure.security.oauth2.resource.servlet.OAuth2ResourceServerAutoConfiguration, org.springframework.boot.test.autoconfigure.web.servlet.MockMvcSecurityConfiguration, org.springframework.boot.test.autoconfigure.web.servlet.MockMvcWebClientAutoConfiguration, org.springframework.boot.test.autoconfigure.web.reactive.WebTestClientAutoConfiguration]], org.springframework.boot.test.context.filter.ExcludeFilterContextCustomizer@6986852, org.springframework.boot.test.json.DuplicateJsonObjectContextCustomizerFactory$DuplicateJsonObjectContextCustomizer@6c61a903, org.springframework.boot.test.mock.mockito.MockitoContextCustomizer@0, org.springframework.boot.test.web.client.TestRestTemplateContextCustomizer@5b3f61ff, org.springframework.boot.test.autoconfigure.actuate.metrics.MetricsExportContextCustomizerFactory$DisableMetricExportContextCustomizer@46271dd6, org.springframework.boot.test.autoconfigure.properties.PropertyMappingContextCustomizer@4b3fa0b3, org.springframework.boot.test.autoconfigure.web.servlet.WebDriverContextCustomizerFactory$Customizer@6cdba6dc, org.springframework.boot.test.context.SpringBootTestArgs@1, org.springframework.boot.test.context.SpringBootTestWebEnvironment@4313f5bc], resourceBasePath = 'src/main/webapp', contextLoader = 'org.springframework.boot.test.context.SpringBootContextLoader', parent = [null]], attributes = map['org.springframework.test.context.web.ServletTestExecutionListener.activateListener' -> true, 'org.springframework.test.context.web.ServletTestExecutionListener.populatedRequestContextHolder' -> true, 'org.springframework.test.context.web.ServletTestExecutionListener.resetRequestContextHolder' -> true, 'org.springframework.test.context.event.ApplicationEventsTestExecutionListener.recordApplicationEvents' -> false]]
]]></system-out>
  </testcase>
</testsuite>